<?xml version="1.0" encoding="UTF-8"?>
<testng-results ignored="0" total="1" passed="1" failed="0" skipped="0">
  <reporter-output>
  </reporter-output>
  <suite started-at="2022-09-15T20:49:54 IST" name="Default suite" finished-at="2022-09-15T20:49:54 IST" duration-ms="41">
    <groups>
    </groups>
    <test started-at="2022-09-15T20:49:54 IST" name="Default test" finished-at="2022-09-15T20:49:54 IST" duration-ms="41">
      <class name="MvnPractice.ReadDataFromcmdLine">
        <test-method signature="readData()[pri:0, instance:MvnPractice.ReadDataFromcmdLine@140c9f39]" started-at="2022-09-15T20:49:54 IST" name="readData" finished-at="2022-09-15T20:49:54 IST" duration-ms="7" status="PASS">
          <reporter-output>
          </reporter-output>
        </test-method> <!-- readData -->
      </class> <!-- MvnPractice.ReadDataFromcmdLine -->
    </test> <!-- Default test -->
  </suite> <!-- Default suite -->
</testng-results>
